<?xml version="1.0" encoding="UTF-8"?>
<!-- Generated by org.testng.reporters.JUnitXMLReporter -->
<testsuite ignored="0" hostname="DESKTOP-B5MJ425" failures="0" tests="7" name="Test" time="18.869" errors="0" timestamp="2024-04-30T15:51:56 IST">
  <testcase classname="testScript.DependsOnMethodsTest" name="AddToCart" time="6.267"/>
  <testcase classname="testScript.InvocationCountThreadPoolSizeTest" name="Register" time="7.995"/>
  <testcase classname="testScript.DependsOnMethodsTest" name="ConfirmOrder" time="3.688"/>
  <testcase classname="testScript.DependsOnMethodsTest" name="Login" time="3.999"/>
  <testcase classname="testScript.BooksTest" name="Books_001" time="15.115"/>
  <testcase classname="testScript.DependsOnMethodsTest" name="Payment" time="2.298"/>
  <testcase classname="testScript.DependsOnMethodsTest" name="Register" time="2.497"/>
</testsuite> <!-- Test -->
